<?xml version="1.0" encoding="UTF-8"?>
<!-- Generated by org.testng.reporters.JUnitReportReporter -->
<testsuite skipped="0" hostname="DESKTOP-23R50OH" name="com.obsqura.TestNGSample.SoftAssertSample" tests="1" failures="0" timestamp="15 Nov 2022 12:01:37 GMT" time="52.218" errors="0">
  <testcase name="softAssertSample" time="52.218" classname="com.obsqura.TestNGSample.SoftAssertSample"/>
</testsuite> <!-- com.obsqura.TestNGSample.SoftAssertSample -->
