<?xml version="1.0" encoding="UTF-8"?>
<!-- Generated by org.testng.reporters.JUnitReportReporter -->
<testsuite skipped="0" hostname="DESKTOP-23R50OH" name="com.obsqura.TestNGSample.GroupRadioButton" tests="13" failures="0" timestamp="19 Nov 2022 10:23:13 GMT" time="100.502" errors="0">
  <testcase name="maleThirdAgeGroupOnly" time="7.481" classname="com.obsqura.TestNGSample.GroupRadioButton"/>
  <testcase name="patientFemaleOnly" time="6.515" classname="com.obsqura.TestNGSample.GroupRadioButton"/>
  <testcase name="maleFirstAgeGroupOnly" time="7.180" classname="com.obsqura.TestNGSample.GroupRadioButton"/>
  <testcase name="femaleSecondAgeGroupOnly" time="7.819" classname="com.obsqura.TestNGSample.GroupRadioButton"/>
  <testcase name="patientGenderCheck" time="7.330" classname="com.obsqura.TestNGSample.GroupRadioButton"/>
  <testcase name="firstAgeGroupOnly" time="6.943" classname="com.obsqura.TestNGSample.GroupRadioButton"/>
  <testcase name="patientAgeGroupCheck" time="8.091" classname="com.obsqura.TestNGSample.GroupRadioButton"/>
  <testcase name="secondAgeGroupOnly" time="8.132" classname="com.obsqura.TestNGSample.GroupRadioButton"/>
  <testcase name="femaleThirdAgeGroupOnly" time="7.699" classname="com.obsqura.TestNGSample.GroupRadioButton"/>
  <testcase name="patientMaleOnly" time="7.431" classname="com.obsqura.TestNGSample.GroupRadioButton"/>
  <testcase name="maleSecondAgeGroupOnly" time="7.569" classname="com.obsqura.TestNGSample.GroupRadioButton"/>
  <testcase name="femaleFirstAgeGroupOnly" time="7.446" classname="com.obsqura.TestNGSample.GroupRadioButton"/>
  <testcase name="thirdAgeGroupOnly" time="10.866" classname="com.obsqura.TestNGSample.GroupRadioButton"/>
</testsuite> <!-- com.obsqura.TestNGSample.GroupRadioButton -->
