<?xml version="1.0" encoding="UTF-8"?>
<!-- Generated by org.testng.reporters.JUnitReportReporter -->
<testsuite skipped="0" hostname="DESKTOP-23R50OH" name="com.obsqura.TestNGSample.MultipleCheckboxDemo" tests="1" failures="0" timestamp="25 Nov 2022 11:58:04 GMT" time="10.151" errors="0">
  <testcase name="multipleCheckboxSample" time="10.151" classname="com.obsqura.TestNGSample.MultipleCheckboxDemo"/>
</testsuite> <!-- com.obsqura.TestNGSample.MultipleCheckboxDemo -->
