<?xml version="1.0" encoding="UTF-8"?>
<!-- Generated by org.testng.reporters.JUnitReportReporter -->
<testsuite skipped="0" hostname="DESKTOP-23R50OH" name="com.obsqura.TestNGSample.CheckBoxSample" tests="1" failures="0" timestamp="25 Nov 2022 10:06:47 GMT" time="17.153" errors="0">
  <testcase name="checkboxSample" time="17.153" classname="com.obsqura.TestNGSample.CheckBoxSample"/>
</testsuite> <!-- com.obsqura.TestNGSample.CheckBoxSample -->
