<?xml version="1.0" encoding="UTF-8"?>
<!-- Generated by org.testng.reporters.JUnitReportReporter -->
<testsuite skipped="0" hostname="DESKTOP-23R50OH" name="com.obsqura.TestNGSample.Guru99SiteRadioButton" tests="2" failures="0" timestamp="22 Nov 2022 11:36:13 GMT" time="29.412" errors="0">
  <testcase name="NoSelectClick" time="14.370" classname="com.obsqura.TestNGSample.Guru99SiteRadioButton"/>
  <testcase name="yesNoDeselectCheck" time="15.042" classname="com.obsqura.TestNGSample.Guru99SiteRadioButton"/>
</testsuite> <!-- com.obsqura.TestNGSample.Guru99SiteRadioButton -->
