<?xml version="1.0" encoding="UTF-8"?>
<!-- Generated by org.testng.reporters.JUnitReportReporter -->
<testsuite skipped="0" hostname="DESKTOP-23R50OH" name="com.obsqura.TestNGSample.SeleniumCheckRadioEnSel" tests="3" failures="0" timestamp="24 Nov 2022 11:52:08 GMT" time="212.493" errors="0">
  <testcase name="operaRadioBoxSelectedorNot" time="82.822" classname="com.obsqura.TestNGSample.SeleniumCheckRadioEnSel"/>
  <testcase name="redCheckBoxSelectedorNot" time="51.172" classname="com.obsqura.TestNGSample.SeleniumCheckRadioEnSel"/>
  <testcase name="redCheckBoxEnabledorNot" time="78.499" classname="com.obsqura.TestNGSample.SeleniumCheckRadioEnSel"/>
</testsuite> <!-- com.obsqura.TestNGSample.SeleniumCheckRadioEnSel -->
