<?xml version="1.0" encoding="UTF-8"?>
<!-- Generated by org.testng.reporters.JUnitReportReporter -->
<testsuite skipped="0" hostname="DESKTOP-23R50OH" name="com.obsqura.TestNGSample.AccessMethodContains" tests="3" failures="0" timestamp="30 Nov 2022 03:49:58 GMT" time="20.342" errors="0">
  <testcase name="locatingByContains" time="5.653" classname="com.obsqura.TestNGSample.AccessMethodContains"/>
  <testcase name="locatingByOr" time="6.010" classname="com.obsqura.TestNGSample.AccessMethodContains"/>
  <testcase name="locatingByAnd" time="8.679" classname="com.obsqura.TestNGSample.AccessMethodContains"/>
</testsuite> <!-- com.obsqura.TestNGSample.AccessMethodContains -->
