<?xml version="1.0" encoding="UTF-8"?>
<!-- Generated by org.testng.reporters.JUnitReportReporter -->
<testsuite skipped="0" hostname="DESKTOP-23R50OH" name="com.obsqura.TestNGSample.SelectFromDropdown" tests="1" failures="0" timestamp="23 Nov 2022 02:24:51 GMT" time="9.293" errors="0">
  <testcase name="multiSelectDropdown" time="9.293" classname="com.obsqura.TestNGSample.SelectFromDropdown"/>
</testsuite> <!-- com.obsqura.TestNGSample.SelectFromDropdown -->
