<?xml version="1.0" encoding="UTF-8"?>
<!-- Generated by org.testng.reporters.JUnitReportReporter -->
<testsuite skipped="0" hostname="DESKTOP-23R50OH" name="com.obsqura.TestNGSample.WebElementCommands" tests="1" failures="0" timestamp="09 Nov 2022 03:43:55 GMT" time="8.292" errors="0">
  <testcase name="getTotal" time="8.292" classname="com.obsqura.TestNGSample.WebElementCommands"/>
</testsuite> <!-- com.obsqura.TestNGSample.WebElementCommands -->
