<?xml version="1.0" encoding="UTF-8"?>
<!-- Generated by org.testng.reporters.JUnitReportReporter -->
<testsuite skipped="0" hostname="DESKTOP-23R50OH" name="com.obsqura.TestNGSample.GetCSSValue" tests="1" failures="0" timestamp="12 Nov 2022 10:54:51 GMT" time="9.791" errors="0">
  <testcase name="getSize" time="9.791" classname="com.obsqura.TestNGSample.GetCSSValue"/>
</testsuite> <!-- com.obsqura.TestNGSample.GetCSSValue -->
