<?xml version="1.0" encoding="UTF-8"?>
<!-- Generated by org.testng.reporters.JUnitReportReporter -->
<testsuite skipped="0" hostname="DESKTOP-23R50OH" name="com.obsqura.TestNGSample.GroupGenderAgeRadioButton" tests="1" failures="0" timestamp="25 Nov 2022 11:08:33 GMT" time="68.934" errors="0">
  <testcase name="patientMaleCheck" time="68.934" classname="com.obsqura.TestNGSample.GroupGenderAgeRadioButton"/>
</testsuite> <!-- com.obsqura.TestNGSample.GroupGenderAgeRadioButton -->
