<?xml version="1.0" encoding="UTF-8"?>
<!-- Generated by org.testng.reporters.JUnitReportReporter -->
<testsuite skipped="0" hostname="DESKTOP-23R50OH" name="com.obsqura.TestNGSample.Guru99SiteRadioButton" tests="2" failures="0" timestamp="21 Nov 2022 10:08:49 GMT" time="25.664" errors="0">
  <testcase name="NoSelectClick" time="14.267" classname="com.obsqura.TestNGSample.Guru99SiteRadioButton"/>
  <testcase name="yesNoDeselectCheck" time="11.397" classname="com.obsqura.TestNGSample.Guru99SiteRadioButton"/>
</testsuite> <!-- com.obsqura.TestNGSample.Guru99SiteRadioButton -->
