<?xml version="1.0" encoding="UTF-8"?>
<!-- Generated by org.testng.reporters.JUnitReportReporter -->
<testsuite skipped="0" hostname="DESKTOP-23R50OH" name="com.obsqura.TestNGSample.AnnotationExample" tests="1" failures="0" timestamp="25 Nov 2022 10:02:38 GMT" time="0.000" errors="0">
  <testcase name="testCurrentUrl" time="0.000" classname="com.obsqura.TestNGSample.AnnotationExample"/>
</testsuite> <!-- com.obsqura.TestNGSample.AnnotationExample -->
