<?xml version="1.0" encoding="UTF-8"?>
<!-- Generated by org.testng.reporters.JUnitReportReporter -->
<testsuite skipped="0" hostname="DESKTOP-23R50OH" name="com.obsqura.TestNGSample.DatePickerSelect" tests="1" failures="0" timestamp="17 Nov 2022 08:15:36 GMT" time="11.634" errors="0">
  <testcase name="datePickSelect" time="11.634" classname="com.obsqura.TestNGSample.DatePickerSelect"/>
</testsuite> <!-- com.obsqura.TestNGSample.DatePickerSelect -->
