<?xml version="1.0" encoding="UTF-8"?>
<!-- Generated by org.testng.reporters.JUnitReportReporter -->
<testsuite skipped="0" hostname="DESKTOP-23R50OH" name="com.obsqura.TestNGSample.JquerySelect2Dropdown" tests="1" failures="0" timestamp="23 Nov 2022 17:21:27 GMT" time="12.492" errors="0">
  <testcase name="selectAndDeselectMultipleValueDropDown" time="12.492" classname="com.obsqura.TestNGSample.JquerySelect2Dropdown"/>
</testsuite> <!-- com.obsqura.TestNGSample.JquerySelect2Dropdown -->
