<?xml version="1.0" encoding="UTF-8"?>
<!-- Generated by org.testng.reporters.JUnitReportReporter -->
<testsuite skipped="0" hostname="DESKTOP-23R50OH" name="com.obsqura.TestNGSample.FileUploadSample" tests="1" failures="0" timestamp="03 Jan 2023 02:53:10 GMT" time="14.141" errors="0">
  <testcase name="fileUpload" time="14.141" classname="com.obsqura.TestNGSample.FileUploadSample"/>
</testsuite> <!-- com.obsqura.TestNGSample.FileUploadSample -->
