<?xml version="1.0" encoding="UTF-8"?>
<!-- Generated by org.testng.reporters.JUnitReportReporter -->
<testsuite skipped="0" hostname="DESKTOP-23R50OH" name="com.obsqura.TestNGSample.ContinentDropDown" tests="2" failures="0" timestamp="22 Nov 2022 05:11:10 GMT" time="50.440" errors="0">
  <testcase name="selectAustralia" time="8.836" classname="com.obsqura.TestNGSample.ContinentDropDown"/>
  <testcase name="noOfElements" time="41.604" classname="com.obsqura.TestNGSample.ContinentDropDown"/>
</testsuite> <!-- com.obsqura.TestNGSample.ContinentDropDown -->
