<?xml version="1.0" encoding="UTF-8"?>
<!-- Generated by org.testng.reporters.JUnitReportReporter -->
<testsuite skipped="1" hostname="DESKTOP-23R50OH" name="com.obsqura.TestNGSample.ParameterizationSample" tests="4" failures="0" timestamp="19 Dec 2022 03:02:36 GMT" time="198.540" errors="0">
  <testcase name="methodWithDataProvider" time="58.753" classname="com.obsqura.TestNGSample.ParameterizationSample"/>
  <testcase name="methodWithDataProvider" time="71.333" classname="com.obsqura.TestNGSample.ParameterizationSample"/>
  <testcase name="methodWithDataProvider" time="68.454" classname="com.obsqura.TestNGSample.ParameterizationSample"/>
  <testcase name="sendKeyValue" classname="com.obsqura.TestNGSample.ParameterizationSample">
    <skipped/>
  </testcase> <!-- sendKeyValue -->
</testsuite> <!-- com.obsqura.TestNGSample.ParameterizationSample -->
