<?xml version="1.0" encoding="UTF-8"?>
<!-- Generated by org.testng.reporters.JUnitReportReporter -->
<testsuite skipped="0" hostname="DESKTOP-23R50OH" name="com.obsqura.TestNGSample.GroupGenderAgeRadioButton" tests="12" failures="0" timestamp="21 Nov 2022 11:24:46 GMT" time="79.605" errors="0">
  <testcase name="patientGenderAgeGroupCheck" time="6.674" classname="com.obsqura.TestNGSample.GroupGenderAgeRadioButton"/>
  <testcase name="patientMaleAge2Check" time="6.354" classname="com.obsqura.TestNGSample.GroupGenderAgeRadioButton"/>
  <testcase name="patientMaleCheck" time="6.369" classname="com.obsqura.TestNGSample.GroupGenderAgeRadioButton"/>
  <testcase name="patientMaleAge1Check" time="6.524" classname="com.obsqura.TestNGSample.GroupGenderAgeRadioButton"/>
  <testcase name="patientFemaleAge2Check" time="6.466" classname="com.obsqura.TestNGSample.GroupGenderAgeRadioButton"/>
  <testcase name="patientAge2Check" time="6.328" classname="com.obsqura.TestNGSample.GroupGenderAgeRadioButton"/>
  <testcase name="patientMaleAge3Check" time="6.467" classname="com.obsqura.TestNGSample.GroupGenderAgeRadioButton"/>
  <testcase name="patientFemaleCheck" time="6.253" classname="com.obsqura.TestNGSample.GroupGenderAgeRadioButton"/>
  <testcase name="patientFemaleAge3Check" time="6.458" classname="com.obsqura.TestNGSample.GroupGenderAgeRadioButton"/>
  <testcase name="patientAge3Check" time="6.628" classname="com.obsqura.TestNGSample.GroupGenderAgeRadioButton"/>
  <testcase name="patientFemaleAge1Check" time="6.595" classname="com.obsqura.TestNGSample.GroupGenderAgeRadioButton"/>
  <testcase name="patientAge1Check" time="8.489" classname="com.obsqura.TestNGSample.GroupGenderAgeRadioButton"/>
</testsuite> <!-- com.obsqura.TestNGSample.GroupGenderAgeRadioButton -->
