<?xml version="1.0" encoding="UTF-8"?>
<!-- Generated by org.testng.reporters.JUnitReportReporter -->
<testsuite skipped="0" hostname="DESKTOP-23R50OH" name="com.obsqura.TestNGSample.GroupRadioButton" tests="13" failures="0" timestamp="18 Nov 2022 13:06:36 GMT" time="87.350" errors="0">
  <testcase name="secondAgeGroupOnly" time="7.180" classname="com.obsqura.TestNGSample.GroupRadioButton"/>
  <testcase name="maleSecondAgeGroupOnly" time="6.363" classname="com.obsqura.TestNGSample.GroupRadioButton"/>
  <testcase name="patientAgGroupCheck" time="6.573" classname="com.obsqura.TestNGSample.GroupRadioButton"/>
  <testcase name="patientMaleOnly" time="6.271" classname="com.obsqura.TestNGSample.GroupRadioButton"/>
  <testcase name="thirdAgeGroupOnly" time="8.885" classname="com.obsqura.TestNGSample.GroupRadioButton"/>
  <testcase name="patientFemaleOnly" time="6.214" classname="com.obsqura.TestNGSample.GroupRadioButton"/>
  <testcase name="femaleSecondAgeGroupOnly" time="6.541" classname="com.obsqura.TestNGSample.GroupRadioButton"/>
  <testcase name="femaleFirstAgeGroupOnly" time="6.149" classname="com.obsqura.TestNGSample.GroupRadioButton"/>
  <testcase name="femaleThirdAgeGroupOnly" time="6.564" classname="com.obsqura.TestNGSample.GroupRadioButton"/>
  <testcase name="firstAgeGroupOnly" time="5.987" classname="com.obsqura.TestNGSample.GroupRadioButton"/>
  <testcase name="patientGenderCheck" time="7.997" classname="com.obsqura.TestNGSample.GroupRadioButton"/>
  <testcase name="maleFirstAgeGroupOnly" time="6.290" classname="com.obsqura.TestNGSample.GroupRadioButton"/>
  <testcase name="maleThirdAgeGroupOnly" time="6.336" classname="com.obsqura.TestNGSample.GroupRadioButton"/>
</testsuite> <!-- com.obsqura.TestNGSample.GroupRadioButton -->
