<?xml version="1.0" encoding="UTF-8"?>
<!-- Generated by org.testng.reporters.JUnitReportReporter -->
<testsuite skipped="0" hostname="DESKTOP-23R50OH" name="com.obsqura.TestNGSample.LocatorsBaseObs" tests="1" failures="0" timestamp="23 Nov 2022 02:42:55 GMT" time="12.975" errors="0">
  <testcase name="locatingbyLinkText" time="12.975" classname="com.obsqura.TestNGSample.LocatorsBaseObs"/>
</testsuite> <!-- com.obsqura.TestNGSample.LocatorsBaseObs -->
