<?xml version="1.0" encoding="UTF-8"?>
<!-- Generated by org.testng.reporters.JUnitReportReporter -->
<testsuite skipped="0" hostname="DESKTOP-23R50OH" name="com.obsqura.TestNGSample.TestExecutionSpeed" tests="4" failures="0" timestamp="08 Nov 2022 11:55:41 GMT" time="40.969" errors="0">
  <testcase name="execSpeedClass" time="8.314" classname="com.obsqura.TestNGSample.TestExecutionSpeed"/>
  <testcase name="execSpeedId" time="10.596" classname="com.obsqura.TestNGSample.TestExecutionSpeed"/>
  <testcase name="execSpeedXpath" time="11.220" classname="com.obsqura.TestNGSample.TestExecutionSpeed"/>
  <testcase name="execSpeedCSS" time="10.839" classname="com.obsqura.TestNGSample.TestExecutionSpeed"/>
</testsuite> <!-- com.obsqura.TestNGSample.TestExecutionSpeed -->
