<?xml version="1.0" encoding="UTF-8"?>
<!-- Generated by org.testng.reporters.JUnitReportReporter -->
<testsuite skipped="0" hostname="DESKTOP-23R50OH" name="com.obsqura.TestNGSample.GroupGenderAgeRadioButton" tests="12" failures="0" timestamp="21 Nov 2022 08:11:20 GMT" time="75.688" errors="0">
  <testcase name="patientFemaleAge1Check" time="6.123" classname="com.obsqura.TestNGSample.GroupGenderAgeRadioButton"/>
  <testcase name="patientGenderAgeGroupCheck" time="6.616" classname="com.obsqura.TestNGSample.GroupGenderAgeRadioButton"/>
  <testcase name="patientMaleCheck" time="6.004" classname="com.obsqura.TestNGSample.GroupGenderAgeRadioButton"/>
  <testcase name="patientMaleAge2Check" time="6.164" classname="com.obsqura.TestNGSample.GroupGenderAgeRadioButton"/>
  <testcase name="patientAge2Check" time="5.888" classname="com.obsqura.TestNGSample.GroupGenderAgeRadioButton"/>
  <testcase name="patientMaleAge3Check" time="6.048" classname="com.obsqura.TestNGSample.GroupGenderAgeRadioButton"/>
  <testcase name="patientMaleAge1Check" time="5.781" classname="com.obsqura.TestNGSample.GroupGenderAgeRadioButton"/>
  <testcase name="patientFemaleAge3Check" time="5.985" classname="com.obsqura.TestNGSample.GroupGenderAgeRadioButton"/>
  <testcase name="patientFemaleCheck" time="6.072" classname="com.obsqura.TestNGSample.GroupGenderAgeRadioButton"/>
  <testcase name="patientFemaleAge2Check" time="8.848" classname="com.obsqura.TestNGSample.GroupGenderAgeRadioButton"/>
  <testcase name="patientAge1Check" time="6.158" classname="com.obsqura.TestNGSample.GroupGenderAgeRadioButton"/>
  <testcase name="patientAge3Check" time="6.001" classname="com.obsqura.TestNGSample.GroupGenderAgeRadioButton"/>
</testsuite> <!-- com.obsqura.TestNGSample.GroupGenderAgeRadioButton -->
