<?xml version="1.0" encoding="UTF-8"?>
<!-- Generated by org.testng.reporters.JUnitReportReporter -->
<testsuite skipped="0" hostname="DESKTOP-23R50OH" name="com.obsqura.TestNGSample.Guru99SiteRadioButton" tests="2" failures="0" timestamp="22 Nov 2022 04:51:24 GMT" time="20.025" errors="0">
  <testcase name="yesNoDeselectCheck" time="10.065" classname="com.obsqura.TestNGSample.Guru99SiteRadioButton"/>
  <testcase name="NoSelectClick" time="9.960" classname="com.obsqura.TestNGSample.Guru99SiteRadioButton"/>
</testsuite> <!-- com.obsqura.TestNGSample.Guru99SiteRadioButton -->
