<?xml version="1.0" encoding="UTF-8"?>
<!-- Generated by org.testng.reporters.JUnitReportReporter -->
<testsuite skipped="0" hostname="DESKTOP-23R50OH" name="com.obsqura.TestNGSample.AnnotationsSample" tests="1" failures="0" timestamp="30 Dec 2022 10:56:41 GMT" time="0.015" errors="0">
  <testcase name="testSample" time="0.015" classname="com.obsqura.TestNGSample.AnnotationsSample"/>
</testsuite> <!-- com.obsqura.TestNGSample.AnnotationsSample -->
