<?xml version="1.0" encoding="UTF-8"?>
<!-- Generated by org.testng.reporters.JUnitReportReporter -->
<testsuite skipped="0" hostname="DESKTOP-23R50OH" name="com.obsqura.TestNGSample.GroupRadioFindElements" tests="1" failures="0" timestamp="19 Nov 2022 09:54:20 GMT" time="12.332" errors="0">
  <testcase name="patientOnlyGenderCheck" time="12.332" classname="com.obsqura.TestNGSample.GroupRadioFindElements"/>
</testsuite> <!-- com.obsqura.TestNGSample.GroupRadioFindElements -->
