<?xml version="1.0" encoding="UTF-8"?>
<!-- Generated by org.testng.reporters.JUnitReportReporter -->
<testsuite skipped="0" hostname="DESKTOP-23R50OH" name="com.obsqura.TestNGSample.FormSubmit" tests="1" failures="0" timestamp="25 Nov 2022 10:28:27 GMT" time="9.063" errors="0">
  <testcase name="subForm" time="9.063" classname="com.obsqura.TestNGSample.FormSubmit"/>
</testsuite> <!-- com.obsqura.TestNGSample.FormSubmit -->
