<?xml version="1.0" encoding="UTF-8"?>
<!-- Generated by org.testng.reporters.JUnitReportReporter -->
<testsuite skipped="0" hostname="DESKTOP-23R50OH" name="com.obsqura.TestNGSample.BrowserCommands" tests="1" failures="0" timestamp="03 Nov 2022 02:20:21 GMT" time="15.300" errors="0">
  <testcase name="verifyUrl" time="15.300" classname="com.obsqura.TestNGSample.BrowserCommands"/>
</testsuite> <!-- com.obsqura.TestNGSample.BrowserCommands -->
