<?xml version="1.0" encoding="UTF-8"?>
<!-- Generated by org.testng.reporters.JUnitReportReporter -->
<testsuite skipped="0" hostname="DESKTOP-23R50OH" name="com.obsqura.TestNGSample.Locators" tests="3" failures="0" timestamp="08 Nov 2022 02:39:51 GMT" time="56.041" errors="0">
  <testcase name="locatingXpathAirdopeAddCart" time="24.074" classname="com.obsqura.TestNGSample.Locators"/>
  <testcase name="locatingXpathCookwareDining" time="16.941" classname="com.obsqura.TestNGSample.Locators"/>
  <testcase name="locatingxpathGarage" time="15.026" classname="com.obsqura.TestNGSample.Locators"/>
</testsuite> <!-- com.obsqura.TestNGSample.Locators -->
