<?xml version="1.0" encoding="UTF-8"?>
<!-- Generated by org.testng.reporters.JUnitReportReporter -->
<testsuite skipped="0" hostname="DESKTOP-23R50OH" name="com.obsqura.TestNGSample.FindElementsSample" tests="2" failures="0" timestamp="17 Nov 2022 08:12:52 GMT" time="15.889" errors="0">
  <testcase name="datePickSelect" time="8.178" classname="com.obsqura.TestNGSample.FindElementsSample"/>
  <testcase name="checkBoxSelect" time="7.711" classname="com.obsqura.TestNGSample.FindElementsSample"/>
</testsuite> <!-- com.obsqura.TestNGSample.FindElementsSample -->
