<?xml version="1.0" encoding="UTF-8"?>
<!-- Generated by org.testng.reporters.JUnitReportReporter -->
<testsuite skipped="0" hostname="DESKTOP-23R50OH" name="com.obsqura.TestNGSample.RadioButton" tests="2" failures="0" timestamp="18 Nov 2022 03:32:59 GMT" time="14.817" errors="0">
  <testcase name="checkMale" time="6.307" classname="com.obsqura.TestNGSample.RadioButton"/>
  <testcase name="checkFemale" time="8.510" classname="com.obsqura.TestNGSample.RadioButton"/>
</testsuite> <!-- com.obsqura.TestNGSample.RadioButton -->
