<?xml version="1.0" encoding="UTF-8"?>
<!-- Generated by org.testng.reporters.JUnitReportReporter -->
<testsuite skipped="0" hostname="DESKTOP-23R50OH" name="com.obsqura.TestNGSample.IframeDemo" tests="1" failures="0" timestamp="21 Dec 2022 03:01:18 GMT" time="24.892" errors="0">
  <testcase name="handlingAnIframe" time="24.892" classname="com.obsqura.TestNGSample.IframeDemo"/>
</testsuite> <!-- com.obsqura.TestNGSample.IframeDemo -->
