<?xml version="1.0" encoding="UTF-8"?>
<!-- Generated by org.testng.reporters.JUnitReportReporter -->
<testsuite skipped="0" hostname="DESKTOP-23R50OH" name="com.obsqura.TestNGSample.RadioButton" tests="1" failures="0" timestamp="17 Nov 2022 11:48:18 GMT" time="9.534" errors="0">
  <testcase name="checkFemale" time="9.534" classname="com.obsqura.TestNGSample.RadioButton"/>
</testsuite> <!-- com.obsqura.TestNGSample.RadioButton -->
