<?xml version="1.0" encoding="UTF-8"?>
<!-- Generated by org.testng.reporters.JUnitReportReporter -->
<testsuite skipped="0" hostname="DESKTOP-23R50OH" name="com.obsqura.TestNGSample.ContinentCheckBox" tests="1" failures="0" timestamp="22 Nov 2022 05:01:27 GMT" time="34.708" errors="0">
  <testcase name="selectAustralia" time="34.708" classname="com.obsqura.TestNGSample.ContinentCheckBox"/>
</testsuite> <!-- com.obsqura.TestNGSample.ContinentCheckBox -->
