<?xml version="1.0" encoding="UTF-8"?>
<!-- Generated by org.testng.reporters.JUnitReportReporter -->
<testsuite skipped="0" hostname="DESKTOP-23R50OH" name="com.obsqura.TestNGSample.GetCSSValue" tests="1" failures="0" timestamp="10 Nov 2022 05:04:37 GMT" time="37.933" errors="0">
  <testcase name="compareLocation" time="37.933" classname="com.obsqura.TestNGSample.GetCSSValue"/>
</testsuite> <!-- com.obsqura.TestNGSample.GetCSSValue -->
