<?xml version="1.0" encoding="UTF-8"?>
<!-- Generated by org.testng.reporters.JUnitReportReporter -->
<testsuite skipped="0" hostname="DESKTOP-23R50OH" name="com.obsqura.TestNGSample.AnnotationsSample" tests="1" failures="0" timestamp="16 Nov 2022 11:05:04 GMT" time="0.008" errors="0">
  <testcase name="testSample" time="0.008" classname="com.obsqura.TestNGSample.AnnotationsSample"/>
</testsuite> <!-- com.obsqura.TestNGSample.AnnotationsSample -->
