<?xml version="1.0" encoding="UTF-8"?>
<!-- Generated by org.testng.reporters.JUnitReportReporter -->
<testsuite skipped="0" hostname="DESKTOP-23R50OH" name="com.obsqura.TestNGSample.MultipleCheckboxDemo" tests="1" failures="0" timestamp="22 Nov 2022 04:06:23 GMT" time="9.117" errors="0">
  <testcase name="multipleCheckboxSample" time="9.117" classname="com.obsqura.TestNGSample.MultipleCheckboxDemo"/>
</testsuite> <!-- com.obsqura.TestNGSample.MultipleCheckboxDemo -->
