<?xml version="1.0" encoding="UTF-8"?>
<!-- Generated by org.testng.reporters.JUnitReportReporter -->
<testsuite skipped="0" hostname="DESKTOP-23R50OH" name="com.obsqura.TestNGSample.SelectFromDropdown" tests="1" failures="0" timestamp="22 Nov 2022 05:21:53 GMT" time="8.951" errors="0">
  <testcase name="elementCount" time="8.951" classname="com.obsqura.TestNGSample.SelectFromDropdown"/>
</testsuite> <!-- com.obsqura.TestNGSample.SelectFromDropdown -->
