<?xml version="1.0" encoding="UTF-8"?>
<!-- Generated by org.testng.reporters.JUnitReportReporter -->
<testsuite skipped="0" hostname="DESKTOP-23R50OH" name="com.obsqura.TestNGSample.GetCSSValue" tests="3" failures="0" timestamp="10 Nov 2022 06:28:40 GMT" time="49.147" errors="0">
  <testcase name="getCSSBgColor" time="25.117" classname="com.obsqura.TestNGSample.GetCSSValue"/>
  <testcase name="compareLocation" time="13.197" classname="com.obsqura.TestNGSample.GetCSSValue"/>
  <testcase name="getCSSColor" time="10.833" classname="com.obsqura.TestNGSample.GetCSSValue"/>
</testsuite> <!-- com.obsqura.TestNGSample.GetCSSValue -->
