<?xml version="1.0" encoding="UTF-8"?>
<!-- Generated by org.testng.reporters.JUnitReportReporter -->
<testsuite skipped="0" hostname="DESKTOP-23R50OH" name="com.obsqura.TestNGSample.RadioTest" tests="1" failures="0" timestamp="19 Nov 2022 08:42:45 GMT" time="8.000" errors="0">
  <testcase name="patientGenderCheck" time="8.000" classname="com.obsqura.TestNGSample.RadioTest"/>
</testsuite> <!-- com.obsqura.TestNGSample.RadioTest -->
