<?xml version="1.0" encoding="UTF-8"?>
<!-- Generated by org.testng.reporters.JUnitReportReporter -->
<testsuite skipped="0" hostname="DESKTOP-23R50OH" name="com.obsqura.TestNGSample.Locators" tests="1" failures="0" timestamp="03 Nov 2022 04:56:53 GMT" time="14.957" errors="0">
  <testcase name="locatingCSSCartToDeals" time="14.957" classname="com.obsqura.TestNGSample.Locators"/>
</testsuite> <!-- com.obsqura.TestNGSample.Locators -->
