<?xml version="1.0" encoding="UTF-8"?>
<!-- Generated by org.testng.reporters.JUnitReportReporter -->
<testsuite skipped="0" hostname="DESKTOP-23R50OH" name="com.obsqura.TestNGSample.FormSubmit" tests="1" failures="0" timestamp="12 Nov 2022 10:19:37 GMT" time="31.169" errors="0">
  <testcase name="subForm" time="31.169" classname="com.obsqura.TestNGSample.FormSubmit"/>
</testsuite> <!-- com.obsqura.TestNGSample.FormSubmit -->
