<?xml version="1.0" encoding="UTF-8"?>
<!-- Generated by org.testng.reporters.JUnitReportReporter -->
<testsuite skipped="0" hostname="DESKTOP-23R50OH" name="com.obsqura.TestNGSample.SeleniumFlavourCheckbox" tests="1" failures="0" timestamp="22 Nov 2022 12:24:27 GMT" time="97.368" errors="0">
  <testcase name="seleniumCheckboxSample" time="97.368" classname="com.obsqura.TestNGSample.SeleniumFlavourCheckbox"/>
</testsuite> <!-- com.obsqura.TestNGSample.SeleniumFlavourCheckbox -->
