<?xml version="1.0" encoding="UTF-8"?>
<!-- Generated by org.testng.reporters.JUnitReportReporter -->
<testsuite skipped="0" hostname="DESKTOP-23R50OH" name="com.obsqura.TestNGSample.JavaScriptExecutorCommands" tests="1" failures="0" timestamp="17 Dec 2022 08:06:44 GMT" time="65.805" errors="0">
  <testcase name="scrollCommand" time="65.805" classname="com.obsqura.TestNGSample.JavaScriptExecutorCommands"/>
</testsuite> <!-- com.obsqura.TestNGSample.JavaScriptExecutorCommands -->
