<?xml version="1.0" encoding="UTF-8"?>
<!-- Generated by org.testng.reporters.JUnitReportReporter -->
<testsuite skipped="0" hostname="DESKTOP-23R50OH" name="com.obsqura.TestNGSample.JquerySelect2Dropdown" tests="1" failures="0" timestamp="23 Nov 2022 13:14:13 GMT" time="9.701" errors="0">
  <testcase name="selectAndDeselectMultipleValueDropDown" time="9.701" classname="com.obsqura.TestNGSample.JquerySelect2Dropdown"/>
</testsuite> <!-- com.obsqura.TestNGSample.JquerySelect2Dropdown -->
