<?xml version="1.0" encoding="UTF-8"?>
<!-- Generated by org.testng.reporters.JUnitReportReporter -->
<testsuite skipped="0" hostname="DESKTOP-23R50OH" name="com.obsqura.TestNGSample.GetCSSValue" tests="1" failures="0" timestamp="25 Nov 2022 10:42:35 GMT" time="9.601" errors="0">
  <testcase name="enDisSel" time="9.601" classname="com.obsqura.TestNGSample.GetCSSValue"/>
</testsuite> <!-- com.obsqura.TestNGSample.GetCSSValue -->
