<?xml version="1.0" encoding="UTF-8"?>
<!-- Generated by org.testng.reporters.JUnitReportReporter -->
<testsuite skipped="0" hostname="DESKTOP-23R50OH" name="com.obsqura.TestNGSample.DatePickerSelect" tests="1" failures="0" timestamp="25 Nov 2022 10:14:54 GMT" time="9.993" errors="0">
  <testcase name="datePickSelect" time="9.993" classname="com.obsqura.TestNGSample.DatePickerSelect"/>
</testsuite> <!-- com.obsqura.TestNGSample.DatePickerSelect -->
