<?xml version="1.0" encoding="UTF-8"?>
<!-- Generated by org.testng.reporters.JUnitReportReporter -->
<testsuite skipped="0" hostname="DESKTOP-23R50OH" name="com.obsqura.TestNGAssignment.LocatorsId" tests="1" failures="0" timestamp="01 Nov 2022 04:02:30 GMT" time="40.758" errors="0">
  <testcase name="locatorById" time="40.758" classname="com.obsqura.TestNGAssignment.LocatorsId"/>
</testsuite> <!-- com.obsqura.TestNGAssignment.LocatorsId -->
