<?xml version="1.0" encoding="UTF-8"?>
<!-- Generated by org.testng.reporters.JUnitReportReporter -->
<testsuite skipped="0" hostname="DESKTOP-23R50OH" name="com.obsqura.TestNGAssignment.TestCasesNg" tests="4" failures="0" timestamp="31 Oct 2022 04:24:49 GMT" time="37.477" errors="0">
  <testcase name="verifyTitle" time="9.908" classname="com.obsqura.TestNGAssignment.TestCasesNg"/>
  <testcase name="verifyPageSource" time="10.648" classname="com.obsqura.TestNGAssignment.TestCasesNg"/>
  <testcase name="verifyUrl" time="7.081" classname="com.obsqura.TestNGAssignment.TestCasesNg"/>
  <testcase name="navigateandCheck" time="9.840" classname="com.obsqura.TestNGAssignment.TestCasesNg"/>
</testsuite> <!-- com.obsqura.TestNGAssignment.TestCasesNg -->
