<?xml version="1.0" encoding="UTF-8"?>
<!-- Generated by org.testng.reporters.JUnitReportReporter -->
<testsuite skipped="0" hostname="DESKTOP-23R50OH" name="com.obsqura.TestNGAssignment.TestCasesNg" tests="4" failures="0" timestamp="02 Nov 2022 11:16:12 GMT" time="37.818" errors="0">
  <testcase name="verifyUrl" time="9.963" classname="com.obsqura.TestNGAssignment.TestCasesNg"/>
  <testcase name="verifyPageSource" time="7.572" classname="com.obsqura.TestNGAssignment.TestCasesNg"/>
  <testcase name="navigateandCheck" time="11.011" classname="com.obsqura.TestNGAssignment.TestCasesNg"/>
  <testcase name="verifyTitle" time="9.272" classname="com.obsqura.TestNGAssignment.TestCasesNg"/>
</testsuite> <!-- com.obsqura.TestNGAssignment.TestCasesNg -->
