<?xml version="1.0" encoding="UTF-8"?>
<!-- Generated by org.testng.reporters.JUnitReportReporter -->
<testsuite skipped="0" hostname="DESKTOP-23R50OH" name="com.obsqura.TestNGAssignment.LocatorsId" tests="3" failures="0" timestamp="02 Nov 2022 11:33:57 GMT" time="86.130" errors="0">
  <testcase name="locatingAll" time="17.289" classname="com.obsqura.TestNGAssignment.LocatorsId"/>
  <testcase name="locatorById" time="50.746" classname="com.obsqura.TestNGAssignment.LocatorsId"/>
  <testcase name="locatingElectronicsnFashion" time="18.095" classname="com.obsqura.TestNGAssignment.LocatorsId"/>
</testsuite> <!-- com.obsqura.TestNGAssignment.LocatorsId -->
