<?xml version="1.0" encoding="UTF-8"?>
<!-- Generated by org.testng.reporters.JUnitReportReporter -->
<testsuite skipped="0" hostname="DESKTOP-23R50OH" name="com.obsqura.HardAssertAssign.HardAssignTest" tests="3" failures="0" timestamp="01 Nov 2022 11:54:29 GMT" time="27.433" errors="0">
  <testcase name="loginPageNullNot" time="10.573" classname="com.obsqura.HardAssertAssign.HardAssignTest"/>
  <testcase name="driverNull" time="9.861" classname="com.obsqura.HardAssertAssign.HardAssignTest"/>
  <testcase name="verifyTitle" time="6.999" classname="com.obsqura.HardAssertAssign.HardAssignTest"/>
</testsuite> <!-- com.obsqura.HardAssertAssign.HardAssignTest -->
