<?xml version="1.0" encoding="UTF-8"?>
<!-- Generated by org.testng.reporters.JUnitReportReporter -->
<testsuite skipped="0" hostname="DESKTOP-23R50OH" name="com.obsqura.HardAssertAssign.HardAssignTest" tests="2" failures="0" timestamp="01 Nov 2022 10:56:28 GMT" time="18.708" errors="0">
  <testcase name="verifyTitle" time="7.540" classname="com.obsqura.HardAssertAssign.HardAssignTest"/>
  <testcase name="driverNull" time="11.168" classname="com.obsqura.HardAssertAssign.HardAssignTest"/>
</testsuite> <!-- com.obsqura.HardAssertAssign.HardAssignTest -->
