<?xml version="1.0" encoding="UTF-8"?>
<!-- Generated by org.testng.reporters.JUnitReportReporter -->
<testsuite skipped="0" hostname="DESKTOP-23R50OH" name="com.obsqura.HardAssertAssign.HardAssignTest" tests="2" failures="0" timestamp="01 Nov 2022 11:17:48 GMT" time="15.784" errors="0">
  <testcase name="driverNull" time="6.952" classname="com.obsqura.HardAssertAssign.HardAssignTest"/>
  <testcase name="verifyTitle" time="8.832" classname="com.obsqura.HardAssertAssign.HardAssignTest"/>
</testsuite> <!-- com.obsqura.HardAssertAssign.HardAssignTest -->
