<?xml version="1.0" encoding="UTF-8"?>
<!-- Generated by org.testng.reporters.JUnitReportReporter -->
<testsuite skipped="0" hostname="DESKTOP-23R50OH" name="com.obsqura.HardAssertAssign.HardAssignTest" tests="4" failures="0" timestamp="01 Nov 2022 18:28:30 GMT" time="39.723" errors="0">
  <testcase name="driverIsNull" time="10.768" classname="com.obsqura.HardAssertAssign.HardAssignTest"/>
  <testcase name="verifyTitle" time="5.713" classname="com.obsqura.HardAssertAssign.HardAssignTest"/>
  <testcase name="driverNull" time="11.814" classname="com.obsqura.HardAssertAssign.HardAssignTest"/>
  <testcase name="loginPageNullNot" time="11.428" classname="com.obsqura.HardAssertAssign.HardAssignTest"/>
</testsuite> <!-- com.obsqura.HardAssertAssign.HardAssignTest -->
